<?xml version="1.0" encoding="UTF-8"?>
<!-- Generated by org.testng.reporters.JUnitReportReporter -->
<testsuite hostname="AGRN50855914A" name="test.test" tests="1" failures="0" timestamp="4 Sep 2015 06:20:12 GMT" time="10.216" errors="0">
  <testcase name="executeTest" time="10.216" classname="test.test"/>
</testsuite> <!-- test.test -->
