<?xml version="1.0" encoding="UTF-8"?>
<!-- Generated by org.testng.reporters.JUnitReportReporter -->
<testsuite hostname="AGRN50855914A" name="test.ABC_POC" tests="1" failures="0" timestamp="25 May 2016 06:08:31 GMT" time="64.196" errors="0">
  <testcase name="executeTest" time="64.196" classname="test.ABC_POC"/>
</testsuite> <!-- test.ABC_POC -->
