<?xml version="1.0" encoding="UTF-8"?>
<!-- Generated by org.testng.reporters.JUnitReportReporter -->
<testsuite hostname="AGRN50855914A" name="test.Example" tests="1" failures="0" timestamp="13 Aug 2015 06:13:02 GMT" time="7.183" errors="0">
  <testcase name="executeTest" time="7.183" classname="test.Example"/>
</testsuite> <!-- test.Example -->
