<?xml version="1.0" encoding="UTF-8"?>
<!-- Generated by org.testng.reporters.JUnitReportReporter -->
<testsuite hostname="AGRN50855914A" name="test.CBP_POC" tests="1" failures="0" timestamp="21 Sep 2015 10:48:05 GMT" time="73.611" errors="0">
  <testcase name="executeTest" time="73.611" classname="test.CBP_POC"/>
</testsuite> <!-- test.CBP_POC -->
