<?xml version="1.0" encoding="UTF-8"?>
<!-- Generated by org.testng.reporters.JUnitReportReporter -->
<testsuite hostname="AGRN50855914A" name="test.POC" tests="1" failures="0" timestamp="12 Aug 2015 06:24:05 GMT" time="44.780" errors="0">
  <testcase name="executeTest" time="44.780" classname="test.POC"/>
</testsuite> <!-- test.POC -->
