<?xml version="1.0" encoding="UTF-8"?>
<!-- Generated by org.testng.reporters.JUnitReportReporter -->
<testsuite hostname="AGRN50855914A" name="test.Change_Password" tests="1" failures="0" timestamp="18 Mar 2016 10:50:31 GMT" time="487.309" errors="0">
  <testcase name="executeTest" time="487.309" classname="test.Change_Password"/>
</testsuite> <!-- test.Change_Password -->
