<?xml version="1.0" encoding="UTF-8"?>
<!-- Generated by org.testng.reporters.JUnitReportReporter -->
<testsuite hostname="AGRN50855914A" name="test.LaunchBrowser" tests="1" failures="0" timestamp="29 Jun 2016 05:43:56 GMT" time="9.109" errors="0">
  <testcase name="executeTest" time="9.109" classname="test.LaunchBrowser"/>
</testsuite> <!-- test.LaunchBrowser -->
