<?xml version="1.0" encoding="UTF-8"?>
<!-- Generated by org.testng.reporters.JUnitReportReporter -->
<testsuite hostname="AGRN50855914A" name="test.CMA_POC" tests="1" failures="0" timestamp="12 May 2016 07:55:42 GMT" time="111.816" errors="0">
  <testcase name="executeTest" time="111.816" classname="test.CMA_POC"/>
</testsuite> <!-- test.CMA_POC -->
