<?xml version="1.0" encoding="UTF-8"?>
<!-- Generated by org.testng.reporters.JUnitReportReporter -->
<testsuite hostname="AGRN50855914A" name="test.ASCO_POC" tests="1" failures="0" timestamp="14 Oct 2015 15:26:18 GMT" time="64.332" errors="0">
  <testcase name="executeTest" time="64.332" classname="test.ASCO_POC"/>
</testsuite> <!-- test.ASCO_POC -->
