<?xml version="1.0" encoding="UTF-8"?>
<!-- Generated by org.testng.reporters.JUnitReportReporter -->
<testsuite hostname="AGRN50855914A" name="tests.LaunchBrowser" tests="1" failures="0" timestamp="29 Jun 2016 06:04:50 GMT" time="12.061" errors="0">
  <testcase name="executeTest" time="12.061" classname="tests.LaunchBrowser"/>
</testsuite> <!-- tests.LaunchBrowser -->
